GroupB/22-MyService-41/app/build/intermediates/manifest_merge_blame_file/debug/manifest-merger-blame-debug-report.txt
1<?xml version="1.0" encoding="utf-8"?>
2<manifest xmlns:android="http://schemas.android.com/apk/res/android"
3    package="csu.matos"
4    android:versionCode="1"
5    android:versionName="1.0" >
6
7    <uses-sdk
8        android:minSdkVersion="8"
8-->src\main\AndroidManifest.xml
9        android:targetSdkVersion="15" />
9-->src\main\AndroidManifest.xml
10
11    <uses-permission android:name="android.permission.ACCESS_COARSE_LOCATION" />
11-->src\main\AndroidManifest.xml:6:5-81
11-->src\main\AndroidManifest.xml:6:22-78
12    <uses-permission android:name="android.permission.ACCESS_FINE_LOCATION" />
12-->src\main\AndroidManifest.xml:7:5-79
12-->src\main\AndroidManifest.xml:7:22-76
13
14    <application
14-->src\main\AndroidManifest.xml:9:5-31:19
15        android:debuggable="true"
16        android:icon="@drawable/ic_launcher"
16-->src\main\AndroidManifest.xml:10:9-45
17        android:label="@string/app_name"
17-->src\main\AndroidManifest.xml:11:9-41
18        android:testOnly="true"
19        android:theme="@style/AppTheme" >
19-->src\main\AndroidManifest.xml:12:9-40
20        <activity
20-->src\main\AndroidManifest.xml:14:9-23:20
21            android:name="csu.matos.TestService4"
21-->src\main\AndroidManifest.xml:15:13-41
22            android:label="@string/title_activity_test_service4"
22-->src\main\AndroidManifest.xml:16:13-65
23            android:screenOrientation="portrait" >
23-->src\main\AndroidManifest.xml:17:15-51
24            <intent-filter>
24-->src\main\AndroidManifest.xml:18:13-22:29
25                <action android:name="android.intent.action.MAIN" />
25-->src\main\AndroidManifest.xml:19:17-69
25-->src\main\AndroidManifest.xml:19:25-66
26
27                <category android:name="android.intent.category.LAUNCHER" />
27-->src\main\AndroidManifest.xml:21:17-77
27-->src\main\AndroidManifest.xml:21:27-74
28            </intent-filter>
29        </activity>
30
31        <service
31-->src\main\AndroidManifest.xml:25:9-27:38
32            android:name="csu.matos.MyService4"
32-->src\main\AndroidManifest.xml:26:13-39
33            android:enabled="true" />
33-->src\main\AndroidManifest.xml:27:13-35
34        <service android:name="csu.matos.MyService5" />
34-->src\main\AndroidManifest.xml:28:9-47
34-->src\main\AndroidManifest.xml:28:18-44
35        <service android:name="csu.matos.MyService5Async" />
35-->src\main\AndroidManifest.xml:29:9-52
35-->src\main\AndroidManifest.xml:29:18-49
36        <service android:name="csu.matos.MyService6" />
36-->src\main\AndroidManifest.xml:30:9-47
36-->src\main\AndroidManifest.xml:30:18-44
37    </application>
38
39</manifest>